2019-06-29 10:39:38,199-root-ERROR-3234
2019-06-29 10:52:15,700-root-ERROR-3234
2019-06-29 10:52:15,701-root-INFO-------------------------case----------------------
2019-06-29 10:53:50,985-root-ERROR-3234
2019-06-29 10:53:50,986-root-INFO-hjhj
2019-06-29 11:00:29,356-root-ERROR-3234
2019-06-29 11:00:29,357-root-INFO-hjhj
2019-06-29 11:08:52,843-root-ERROR-3234
2019-06-29 11:08:52,844-root-INFO-hjhj
2019-06-29 15:19:40,509-basehttp-INFO-读取url成功：http://httpbin.org
2019-06-29 15:53:26,196-basehttp-INFO-读取url成功：http://api.apiopen.top?name=李白
2019-06-29 15:53:39,341-basehttp-INFO-get请求成功，内容为：b'{"code":400,"message":"404 Not Found","result":"https://api.apiopen.top/"}'
2019-06-29 15:55:40,073-basehttp-INFO-读取url成功：http://api.apiopen.top?name=李白
2019-06-29 15:55:40,073-basehttp-INFO-最终拼接地址为：http://api.apiopen.top?name=李白searchAuthors
2019-06-29 15:55:52,633-basehttp-INFO-get请求成功，内容为：b'{"code":400,"message":"404 Not Found","result":"https://api.apiopen.top/"}'
2019-06-29 15:56:01,541-basehttp-INFO-读取url成功：http://api.apiopen.top?
2019-06-29 15:56:01,541-basehttp-INFO-最终拼接地址为：http://api.apiopen.top?searchAuthors
2019-06-29 15:56:02,120-basehttp-INFO-get请求成功，内容为：b'{"code":400,"message":"404 Not Found","result":"https://api.apiopen.top/"}'
2019-06-29 15:57:39,006-basehttp-INFO-读取url成功：http://api.apiopen.top?
2019-06-29 15:57:39,848-basehttp-INFO-post请求成功，内容为：b'{"code":400,"message":"404 Not Found","result":"https://api.apiopen.top/"}'
2019-06-29 16:02:18,542-basehttp-INFO-读取url成功：http://api.apiopen.top?
2019-06-29 16:02:18,558-basehttp-INFO-最终拼接地址为：http://api.apiopen.top?searchAuthors
2019-06-29 16:02:19,026-basehttp-INFO-post请求成功，内容为：b'{"code":400,"message":"404 Not Found","result":"https://api.apiopen.top/"}'
2019-06-29 16:05:02,042-basehttp-INFO-读取url成功：http://api.apiopen.top?
2019-06-29 16:05:02,042-basehttp-INFO-最终拼接地址为：http://api.apiopen.top?/EmailSearch
2019-06-29 16:05:02,589-basehttp-INFO-post请求成功，内容为：b'{"code":400,"message":"404 Not Found","result":"https://api.apiopen.top/"}'
2019-06-29 16:05:50,040-basehttp-INFO-读取url成功：http://api.apiopen.top
2019-06-29 16:05:50,040-basehttp-INFO-最终拼接地址为：http://api.apiopen.top/EmailSearch
2019-06-29 16:05:50,540-basehttp-INFO-post请求成功，内容为：b'{"code":200,"message":"\xe6\x88\x90\xe5\x8a\x9f!","result":"\xe6\x8a\xb1\xe6\xad\x89\xef\xbc\x8c\xe6\x9a\x82\xe6\x97\xa0\xe6\x9f\xa5\xe8\xaf\xa2\xe8\xae\xb0\xe5\xbd\x95"}'
2019-06-29 16:10:34,311-basehttp-INFO-读取url成功：http://api.apiopen.top
2019-06-29 16:10:34,311-basehttp-INFO-最终拼接地址为：http://api.apiopen.top/EmailSearch
2019-06-29 16:10:46,949-basehttp-INFO-post请求成功，内容为：b'{"code":200,"message":"\xe6\x88\x90\xe5\x8a\x9f!","result":"\xe6\x8a\xb1\xe6\xad\x89\xef\xbc\x8c\xe6\x9a\x82\xe6\x97\xa0\xe6\x9f\xa5\xe8\xaf\xa2\xe8\xae\xb0\xe5\xbd\x95"}'
2019-06-29 16:10:46,949-basehttp-INFO-post请求成功
2019-06-29 16:11:14,528-basehttp-INFO-读取url成功：http://api.apiopen.top
2019-06-29 16:11:15,059-basehttp-INFO-post_with_json请求成功，内容为：b'{"code":200,"message":"\xe6\x88\x90\xe5\x8a\x9f!","result":"\xe6\x8a\xb1\xe6\xad\x89\xef\xbc\x8c\xe6\x9a\x82\xe6\x97\xa0\xe6\x9f\xa5\xe8\xaf\xa2\xe8\xae\xb0\xe5\xbd\x95"}'
2019-06-29 16:11:45,043-basehttp-INFO-读取url成功：http://api.apiope22n.top
2019-06-29 16:14:43,357-basehttp-INFO-读取url成功：http://api.apiopen.top
2019-06-29 16:14:55,919-basehttp-INFO-post_with_json请求成功，内容为：b'{"code":200,"message":"\xe6\x88\x90\xe5\x8a\x9f!","result":"\xe6\x8a\xb1\xe6\xad\x89\xef\xbc\x8c\xe6\x9a\x82\xe6\x97\xa0\xe6\x9f\xa5\xe8\xaf\xa2\xe8\xae\xb0\xe5\xbd\x95"}'
2019-06-29 16:15:34,434-basehttp-INFO-读取url成功：http://api.apiopen.top
2019-06-29 16:15:34,434-basehttp-INFO-最终拼接地址为：http://api.apiopen.top/EmailSearch
2019-06-29 16:15:39,964-basehttp-INFO-get请求成功，内容为：b'{"code":400,"message":"com.google.gson.stream.MalformedJsonException: Use JsonReader.setLenient(true) to accept malformed JSON at line 1 column 7 path $","result":"https://api.apiopen.top/EmailSearch"}'
2019-06-29 16:16:08,005-basehttp-INFO-读取url成功：http://api.apiopen.top
2019-06-29 16:16:08,005-basehttp-INFO-最终拼接地址为：http://api.apiopen.top/EmailSearch
2019-06-29 16:16:08,531-basehttp-INFO-post请求成功，内容为：b'{"code":200,"message":"\xe6\x88\x90\xe5\x8a\x9f!","result":"\xe6\x8a\xb1\xe6\xad\x89\xef\xbc\x8c\xe6\x9a\x82\xe6\x97\xa0\xe6\x9f\xa5\xe8\xaf\xa2\xe8\xae\xb0\xe5\xbd\x95"}'
2019-06-29 16:16:08,532-basehttp-INFO-post请求成功
2019-06-29 16:16:25,776-basehttp-INFO-读取url成功：http://api.apiopen.top
2019-06-29 16:16:25,776-basehttp-INFO-最终拼接地址为：http://api.apiopen.top/EmailSearch
2019-06-29 16:16:26,276-basehttp-INFO-post请求成功，内容为：b'{"code":200,"message":"\xe6\x88\x90\xe5\x8a\x9f!","result":"\xe6\x8a\xb1\xe6\xad\x89\xef\xbc\x8c\xe6\x9a\x82\xe6\x97\xa0\xe6\x9f\xa5\xe8\xaf\xa2\xe8\xae\xb0\xe5\xbd\x95"}'
2019-06-29 16:16:26,276-basehttp-INFO-post请求成功
2019-06-29 16:16:39,155-basehttp-INFO-读取url成功：http://api.apiopen.top
2019-06-29 16:16:39,155-basehttp-INFO-最终拼接地址为：http://api.apiopen.top/EmailSearch
2019-06-29 16:16:39,702-basehttp-INFO-post请求成功，内容为：{"code":200,"message":"成功!","result":"抱歉，暂无查询记录"}
2019-06-29 16:16:39,702-basehttp-INFO-post请求成功
2019-06-29 16:17:52,665-basehttp-INFO-读取url成功：http://api.apiopen.top
2019-06-29 16:17:52,665-basehttp-INFO-最终拼接地址为：http://api.apiopen.top/EmailSearch
2019-06-29 16:17:53,212-basehttp-INFO-post请求成功，内容为：{"code":200,"message":"成功!","result":"抱歉，暂无查询记录"}
2019-06-29 16:17:53,212-basehttp-INFO-post请求成功
2019-06-29 16:20:00,393-basehttp-INFO-读取url成功：http://api.apiopen.top
2019-06-29 16:20:00,393-basehttp-INFO-最终拼接地址为：http://api.apiopen.top/EmailSearch
2019-06-29 16:20:00,927-basehttp-INFO-post请求成功，内容为：{"code":200,"message":"成功!","result":"抱歉，暂无查询记录"}
2019-06-29 16:20:00,927-basehttp-INFO-post请求成功
2019-06-29 16:21:01,166-basehttp-INFO-读取url成功：http://api.apiopen.top
2019-06-29 16:21:13,836-basehttp-INFO-post_with_json请求成功，内容为：{"code":200,"message":"成功!","result":"抱歉，暂无查询记录"}
2019-06-29 16:21:47,164-basehttp-INFO-读取url成功：http://api.apiopen.top
2019-06-29 16:21:47,789-basehttp-INFO-post_with_json请求成功，内容为：{"code":200,"message":"成功!","result":"抱歉，暂无查询记录"}
2019-07-02 16:38:09,221-basehttp-INFO-读取url成功：http://api.apiopen.top
2019-07-02 17:12:03,129-basehttp-INFO-读取url成功：http://api.apiopen.top
2019-07-02 17:12:03,149-basehttp-INFO-最终拼接地址为：http://api.apiopen.top/EmailSearch
2019-07-02 17:12:04,160-basehttp-INFO-post请求成功，内容为：{"code":200,"message":"成功!","result":"抱歉，暂无查询记录"}
2019-07-02 17:12:04,160-basehttp-INFO-post请求成功
2019-07-03 17:42:58,345-baseExcel-INFO-打开Excel成功
2019-07-03 17:42:58,348-baseExcel-INFO-获取sheetnames--['123_sheetname', '345_sheetname']成功
2019-07-03 17:44:13,119-baseExcel-INFO-打开Excel成功
2019-07-03 17:44:13,120-baseExcel-INFO-获取sheetnames--['123_sheetname', '345_sheetname']成功
2019-07-03 17:44:13,120-baseExcel-INFO-打开sheet--345_sheetname成功
2019-07-03 17:45:40,583-baseExcel-INFO-打开Excel成功
2019-07-03 17:45:40,583-baseExcel-INFO-获取sheetnames--['123_sheetname', '345_sheetname']成功
2019-07-03 17:47:26,433-baseExcel-INFO-打开Excel成功
2019-07-03 17:47:26,434-baseExcel-INFO-获取sheetnames--['123_sheetname', '345_sheetname']成功
2019-07-03 17:47:26,434-baseExcel-INFO-打开sheet--345_sheetname成功
2019-07-03 17:47:26,435-baseExcel-INFO-获取345_sheetname总计4行;
2019-07-03 17:48:07,599-baseExcel-INFO-打开Excel成功
2019-07-03 17:48:07,599-baseExcel-INFO-获取sheetnames--['123_sheetname', '345_sheetname']成功
2019-07-03 17:48:07,600-baseExcel-INFO-打开sheet--345_sheetname成功
2019-07-03 17:48:07,600-baseExcel-INFO-获取345_sheetname总计4行;
2019-07-03 17:48:07,600-baseExcel-INFO-打开sheet--345_sheetname成功
2019-07-03 17:48:07,600-baseExcel-INFO-获取345_sheetname总计4行;
2019-07-03 17:48:33,601-baseExcel-INFO-打开Excel成功
2019-07-03 17:48:33,602-baseExcel-INFO-获取sheetnames--['123_sheetname', '345_sheetname']成功
2019-07-03 17:48:33,602-baseExcel-INFO-打开sheet--345_sheetname成功
2019-07-03 17:48:33,602-baseExcel-INFO-获取345_sheetname总计4列;
2019-07-03 17:48:33,602-baseExcel-INFO-打开sheet--345_sheetname成功
2019-07-03 17:48:33,602-baseExcel-INFO-获取345_sheetname总计4行;
2019-07-03 17:57:03,900-baseExcel-INFO-打开Excel成功
2019-07-03 17:57:03,924-baseExcel-INFO-获取sheetnames--['123_sheetname', '345_sheetname']成功
2019-07-03 17:57:03,925-baseExcel-INFO-打开sheet--345_sheetname成功
2019-07-03 17:57:03,925-baseExcel-INFO-获取345_sheetname总计4列;
2019-07-03 17:57:03,925-baseExcel-INFO-打开sheet--345_sheetname成功
2019-07-03 17:57:03,925-baseExcel-INFO-获取345_sheetname总计4行;
2019-07-03 17:57:03,925-baseExcel-INFO-打开sheet--345_sheetname成功
2019-07-03 17:57:03,926-baseExcel-INFO-获取345_sheetname第0行0列值为;
2019-07-03 17:57:24,802-baseExcel-INFO-打开Excel成功
2019-07-03 17:57:24,802-baseExcel-INFO-获取sheetnames--['123_sheetname', '345_sheetname']成功
2019-07-03 17:57:24,803-baseExcel-INFO-打开sheet--345_sheetname成功
2019-07-03 17:57:24,803-baseExcel-INFO-获取345_sheetname总计4列;
2019-07-03 17:57:24,803-baseExcel-INFO-打开sheet--345_sheetname成功
2019-07-03 17:57:24,803-baseExcel-INFO-获取345_sheetname总计4行;
2019-07-03 17:57:24,803-baseExcel-INFO-打开sheet--345_sheetname成功
2019-07-03 17:57:24,804-baseExcel-INFO-获取345_sheetname第1行1列值为2_2;
2019-07-03 17:58:54,544-baseExcel-INFO-打开Excel成功
2019-07-03 17:58:54,545-baseExcel-INFO-获取sheetnames--['123_sheetname', '345_sheetname']成功
2019-07-03 17:58:54,545-baseExcel-INFO-打开sheet--345_sheetname成功
2019-07-03 17:58:54,545-baseExcel-INFO-获取345_sheetname总计4列;
2019-07-03 17:58:54,545-baseExcel-INFO-打开sheet--345_sheetname成功
2019-07-03 17:58:54,545-baseExcel-INFO-获取345_sheetname总计4行;
2019-07-03 17:58:54,545-baseExcel-INFO-打开sheet--345_sheetname成功
2019-07-03 17:58:54,545-baseExcel-INFO-获取345_sheetname第1行1列值为2_2;
2019-07-03 17:58:54,546-baseExcel-INFO-打开sheet--345_sheetname成功
2019-07-03 17:58:54,546-baseExcel-INFO-获取345_sheetname第1行值为['sddfdfd', '2_2', 'sdc', '电磁阀'];
2019-07-03 17:59:18,789-baseExcel-INFO-打开Excel成功
2019-07-03 17:59:18,789-baseExcel-INFO-获取sheetnames--['123_sheetname', '345_sheetname']成功
2019-07-03 17:59:18,790-baseExcel-INFO-打开sheet--345_sheetname成功
2019-07-03 17:59:18,790-baseExcel-INFO-获取345_sheetname总计4列;
2019-07-03 17:59:18,790-baseExcel-INFO-打开sheet--345_sheetname成功
2019-07-03 17:59:18,791-baseExcel-INFO-获取345_sheetname总计4行;
2019-07-03 17:59:18,791-baseExcel-INFO-打开sheet--345_sheetname成功
2019-07-03 17:59:18,791-baseExcel-INFO-获取345_sheetname第1行1列值为2_2;
2019-07-03 18:00:38,437-baseExcel-INFO-打开Excel成功
2019-07-03 18:00:38,437-baseExcel-INFO-获取sheetnames--['123_sheetname', '345_sheetname']成功
2019-07-03 18:00:38,437-baseExcel-INFO-打开sheet--345_sheetname成功
2019-07-03 18:00:38,437-baseExcel-INFO-获取345_sheetname总计4列;
2019-07-03 18:00:38,437-baseExcel-INFO-打开sheet--345_sheetname成功
2019-07-03 18:00:38,437-baseExcel-INFO-获取345_sheetname总计4行;
2019-07-03 18:00:38,437-baseExcel-INFO-打开sheet--345_sheetname成功
2019-07-03 18:00:38,438-baseExcel-INFO-获取345_sheetname第1行1列值为2_2;
2019-07-03 18:00:38,438-baseExcel-INFO-打开sheet--345_sheetname成功
2019-07-03 18:00:38,438-baseExcel-INFO-获取345_sheetname第1行值为['sddfdfd', '2_2', 'sdc', '电磁阀'];
2019-07-03 18:08:41,026-baseExcel-INFO-打开Excel成功
2019-07-03 18:08:41,027-baseExcel-INFO-获取sheetnames--['123_sheetname', '345_sheetname']成功
2019-07-03 18:08:41,027-baseExcel-INFO-打开sheet--345_sheetname成功
2019-07-03 18:08:41,027-baseExcel-INFO-获取345_sheetname总计4列;
2019-07-03 18:08:41,027-baseExcel-INFO-打开sheet--345_sheetname成功
2019-07-03 18:08:41,028-baseExcel-INFO-获取345_sheetname总计4行;
2019-07-03 18:08:41,028-baseExcel-INFO-打开sheet--345_sheetname成功
2019-07-03 18:08:41,028-baseExcel-INFO-获取345_sheetname第1行1列值为2_2;
2019-07-03 18:08:41,028-baseExcel-INFO-打开sheet--345_sheetname成功
2019-07-03 18:08:41,028-baseExcel-INFO-获取345_sheetname第1行值为['sddfdfd', '2_2', 'sdc', '电磁阀'];
2019-07-03 18:08:41,028-baseExcel-INFO-打开sheet--345_sheetname成功
2019-07-03 18:08:41,029-baseExcel-INFO-获取345_sheetname第1行1--2值为['2_2'];
2019-07-03 18:20:20,140-baseExcel-INFO-打开Excel成功
2019-07-03 18:20:20,140-baseExcel-INFO-获取sheetnames--['123_sheetname', '345_sheetname']成功
2019-07-03 18:20:20,140-baseExcel-INFO-打开sheet页--345_sheetname成功
2019-07-03 18:20:20,141-baseExcel-INFO-获取345_sheetname总计4列;
2019-07-03 18:20:20,141-baseExcel-INFO-打开sheet页--345_sheetname成功
2019-07-03 18:20:20,141-baseExcel-INFO-获取345_sheetname总计4行;
2019-07-03 18:20:20,141-baseExcel-INFO-打开sheet页--345_sheetname成功
2019-07-03 18:20:20,141-baseExcel-INFO-获取345_sheetname第1行1列值为2_2;
2019-07-03 18:20:20,141-baseExcel-INFO-打开sheet页--345_sheetname成功
2019-07-03 18:20:20,142-baseExcel-INFO-获取345_sheetname第1行值为['sddfdfd', '2_2', 'sdc', '电磁阀'];
2019-07-03 18:20:20,142-baseExcel-INFO-打开sheet页--345_sheetname成功
2019-07-03 18:20:20,142-baseExcel-INFO-获取345_sheetname第1行1--2列的值为['2_2'];
2019-07-03 18:20:20,142-baseExcel-INFO-获取sheetnames--['123_sheetname', '345_sheetname']成功
2019-07-03 18:21:09,712-baseExcel-INFO-打开Excel成功
2019-07-03 18:21:09,712-baseExcel-INFO-获取sheetnames--['123_sheetname', '345_sheetname']成功
2019-07-03 18:21:09,712-baseExcel-INFO-打开sheet页--345_sheetname成功
2019-07-03 18:21:09,712-baseExcel-INFO-获取345_sheetname总计4列;
2019-07-03 18:21:09,712-baseExcel-INFO-打开sheet页--345_sheetname成功
2019-07-03 18:21:09,713-baseExcel-INFO-获取345_sheetname总计4行;
2019-07-03 18:21:09,713-baseExcel-INFO-打开sheet页--345_sheetname成功
2019-07-03 18:21:09,713-baseExcel-INFO-获取345_sheetname第1行1列值为2_2;
2019-07-03 18:21:09,713-baseExcel-INFO-打开sheet页--345_sheetname成功
2019-07-03 18:21:09,713-baseExcel-INFO-获取345_sheetname第1行值为['sddfdfd', '2_2', 'sdc', '电磁阀'];
2019-07-03 18:21:09,713-baseExcel-INFO-打开sheet页--345_sheetname成功
2019-07-03 18:21:09,713-baseExcel-INFO-获取345_sheetname第1行1--2列的值为['2_2'];
2019-07-03 18:21:09,713-baseExcel-INFO-获取sheetnames--['123_sheetname', '345_sheetname']成功
2019-07-03 18:24:19,314-baseExcel-INFO-打开Excel成功
2019-07-03 18:24:25,629-baseExcel-INFO-获取sheetnames--['123_sheetname', '345_sheetname']成功
2019-07-03 18:25:00,840-baseExcel-INFO-打开sheet页--345_sheetname成功
2019-07-03 18:25:01,855-baseExcel-INFO-获取345_sheetname总计4列;
2019-07-03 18:25:03,608-baseExcel-INFO-打开sheet页--345_sheetname成功
2019-07-03 18:25:03,998-baseExcel-INFO-获取345_sheetname总计4行;
2019-07-03 18:25:05,814-baseExcel-INFO-打开sheet页--345_sheetname成功
2019-07-03 18:25:08,216-baseExcel-INFO-获取345_sheetname第1行1列值为2_2;
2019-07-03 18:25:13,674-baseExcel-INFO-打开sheet页--345_sheetname成功
2019-07-03 18:25:18,858-baseExcel-INFO-获取345_sheetname第1行值为['sddfdfd', '2_2', 'sdc', '电磁阀'];
2019-07-03 18:25:26,627-baseExcel-INFO-打开sheet页--345_sheetname成功
2019-07-03 18:25:32,912-baseExcel-INFO-获取345_sheetname第1行1--2列的值为['2_2'];
2019-07-03 18:25:48,627-baseExcel-INFO-获取sheetnames--['123_sheetname', '345_sheetname']成功
2019-07-03 18:26:57,994-baseExcel-INFO-打开Excel成功
2019-07-03 18:26:57,994-baseExcel-INFO-获取sheetnames--['123_sheetname', '345_sheetname']成功
2019-07-03 18:26:57,994-baseExcel-INFO-打开sheet页--345_sheetname成功
2019-07-03 18:26:57,994-baseExcel-INFO-获取345_sheetname总计4列;
2019-07-03 18:26:57,994-baseExcel-INFO-打开sheet页--345_sheetname成功
2019-07-03 18:26:57,994-baseExcel-INFO-获取345_sheetname总计4行;
2019-07-03 18:26:57,994-baseExcel-INFO-打开sheet页--345_sheetname成功
2019-07-03 18:26:57,995-baseExcel-INFO-获取345_sheetname第1行1列值为2_2;
2019-07-03 18:26:57,995-baseExcel-INFO-打开sheet页--345_sheetname成功
2019-07-03 18:26:57,995-baseExcel-INFO-获取345_sheetname第1行值为['sddfdfd', '2_2', 'sdc', '电磁阀'];
2019-07-03 18:26:57,995-baseExcel-INFO-打开sheet页--345_sheetname成功
2019-07-03 18:26:57,995-baseExcel-INFO-获取345_sheetname第1行1--2列的值为['2_2'];
2019-07-03 18:26:57,995-baseExcel-INFO-获取sheetnames--['123_sheetname', '345_sheetname']成功
2019-07-03 18:27:37,374-baseExcel-INFO-打开Excel成功
2019-07-03 18:28:08,622-baseExcel-INFO-获取sheetnames--['123_sheetname', '345_sheetname']成功
2019-07-03 18:29:13,211-baseExcel-INFO-打开Excel成功
2019-07-03 18:29:13,211-baseExcel-INFO-获取sheetnames--['123_sheetname', '345_sheetname']成功
2019-07-03 18:29:34,080-baseExcel-INFO-打开Excel成功
2019-07-03 18:29:34,080-baseExcel-INFO-获取sheetnames--['123_sheetname', '345_sheetname']成功
2019-07-03 18:33:34,945-baseExcel-INFO-打开Excel成功
2019-07-03 18:33:34,946-baseExcel-INFO-获取sheetnames--['123_sheetname', '345_sheetname']成功
2019-07-03 18:35:22,207-baseExcel-INFO-打开Excel成功
2019-07-03 18:35:22,207-baseExcel-INFO-获取sheetnames--['123_sheetname', '345_sheetname']成功
2019-07-03 18:37:29,867-baseExcel-INFO-打开Excel成功
2019-07-03 18:37:29,868-baseExcel-INFO-获取sheetnames--['123_sheetname', '345_sheetname']成功
2019-07-03 18:51:21,057-baseExcel-INFO-打开Excel成功
2019-07-03 18:52:04,734-baseExcel-INFO-打开Excel成功
2019-07-03 18:52:49,001-baseExcel-INFO-打开Excel成功
2019-07-03 18:54:45,342-baseExcel-INFO-打开Excel成功
2019-07-03 18:56:02,130-baseExcel-INFO-打开Excel成功
2019-07-03 18:56:15,928-baseExcel-INFO-打开Excel成功
2019-07-03 18:56:42,613-baseExcel-INFO-打开Excel成功
2019-07-03 18:58:59,981-baseExcel-INFO-打开Excel成功
2019-07-03 19:04:48,005-baseExcel-INFO-打开Excel成功
2019-07-03 19:05:40,984-baseExcel-INFO-打开Excel成功
2019-07-03 19:06:30,605-baseExcel-INFO-打开Excel成功
2019-07-03 19:06:30,614-baseExcel-INFO-修改excel数值成功
2019-07-03 19:08:03,792-baseExcel-INFO-打开Excel成功
2019-07-03 19:08:03,800-baseExcel-INFO-修改excel数值成功
2019-07-03 19:08:11,865-baseExcel-INFO-打开Excel成功
2019-07-03 19:08:11,873-baseExcel-INFO-修改excel数值成功
2019-07-03 19:09:01,028-baseExcel-INFO-打开Excel成功
2019-07-03 19:09:01,040-baseExcel-INFO-修改excel数值成功
2019-07-03 19:09:07,503-baseExcel-INFO-打开Excel成功
2019-07-03 19:09:07,514-baseExcel-INFO-修改excel数值成功
2019-07-03 19:11:44,109-baseExcel-INFO-打开Excel成功
2019-07-03 19:11:44,121-baseExcel-INFO-修改excel数值成功
2019-07-03 19:12:00,026-baseExcel-INFO-打开Excel成功
2019-07-03 19:12:00,040-baseExcel-INFO-修改excel数值成功
2019-07-03 19:12:10,951-baseExcel-INFO-打开Excel成功
2019-07-03 19:12:10,961-baseExcel-INFO-修改excel数值成功
2019-07-03 19:13:26,867-baseExcel-INFO-打开Excel成功
2019-07-03 19:13:26,877-baseExcel-INFO-修改excel数值成功
2019-07-03 19:13:42,367-baseExcel-INFO-打开Excel成功
2019-07-03 19:13:42,377-baseExcel-INFO-修改excel数值成功
2019-07-03 19:13:53,551-baseExcel-INFO-打开Excel成功
2019-07-03 19:13:53,562-baseExcel-INFO-修改excel数值成功
2019-07-03 19:14:04,567-baseExcel-INFO-打开Excel成功
2019-07-03 19:14:04,577-baseExcel-INFO-修改excel数值成功
2019-07-03 19:18:45,635-baseExcel-INFO-打开Excel成功
2019-07-03 19:18:45,659-baseExcel-INFO-修改excel数值成功
2019-07-03 19:19:36,063-baseExcel-INFO-打开Excel成功
2019-07-03 19:19:36,072-baseExcel-INFO-修改excel数值成功
2019-07-03 19:19:58,667-baseExcel-INFO-打开Excel成功
2019-07-03 19:19:58,675-baseExcel-INFO-修改excel数值成功
2019-07-03 19:20:05,428-baseExcel-INFO-打开Excel成功
2019-07-03 19:20:05,435-baseExcel-INFO-修改excel数值成功
2019-07-03 19:21:06,326-baseExcel-INFO-打开Excel成功
2019-07-03 19:21:06,336-baseExcel-INFO-修改excel数值成功
2019-07-03 19:21:30,387-baseExcel-INFO-打开Excel成功
2019-07-03 19:21:30,399-baseExcel-INFO-修改excel数值成功
2019-07-03 19:21:50,352-baseExcel-INFO-打开Excel成功
2019-07-03 19:21:50,361-baseExcel-INFO-修改excel数值成功
2019-07-03 19:22:36,696-baseExcel-INFO-打开Excel成功
2019-07-03 19:22:36,708-baseExcel-INFO-修改excel数值成功
2019-07-03 19:23:46,963-baseExcel-INFO-打开Excel成功
2019-07-03 19:23:46,973-baseExcel-INFO-修改excel数值成功
2019-07-04 18:53:55,490-baseExcel-INFO-打开Excel成功
2019-07-04 18:53:55,513-baseExcel-INFO-打开sheet页--TestCase_bak成功
2019-07-04 18:53:55,514-baseExcel-INFO-获取TestCase_bak第1行值为[1.0, '获取 Top250', '', '{"start":"1","count":"1"}', '/v2/movie/top250', 'get', 200.0];
2019-07-04 18:56:54,517-baseExcel-INFO-打开Excel成功
2019-07-04 18:56:54,517-baseExcel-INFO-打开sheet页--TestCase_bak成功
2019-07-04 18:56:54,517-baseExcel-INFO-获取TestCase_bak第1行值为[1.0, '获取 Top250', '', '{"start":"1","count":"1"}', '/v2/movie/top250', 'get', 200.0];
2019-07-04 18:57:08,408-baseExcel-INFO-打开Excel成功
2019-07-04 18:57:08,408-baseExcel-INFO-打开sheet页--TestCase_bak成功
2019-07-04 18:57:08,408-baseExcel-INFO-获取TestCase_bak第1行值为[1.0, '获取 Top250', '', '{"start":"1","count":"1"}', '/v2/movie/top250', 'get', 200.0];
2019-07-04 18:58:00,727-baseExcel-INFO-打开Excel成功
2019-07-04 18:58:00,727-baseExcel-INFO-打开sheet页--TestCase_bak成功
2019-07-04 18:58:00,728-baseExcel-INFO-获取TestCase_bak第1行值为[1.0, '获取 Top250', '', '{"start":"1","count":"1"}', '/v2/movie/top250', 'get', 200.0];
2019-07-04 19:18:08,610-baseExcel-INFO-打开Excel成功
2019-07-04 19:18:08,611-baseExcel-INFO-打开sheet页--TestCase_bak成功
2019-07-04 19:21:03,028-baseExcel-INFO-打开Excel成功
2019-07-04 19:21:03,028-baseExcel-INFO-打开sheet页--TestCase_bak成功
2019-07-04 19:22:35,994-baseExcel-ERROR-打开Excel报错了： [Errno 2] No such file or directory: '777.xls'
2019-07-04 19:23:00,963-baseExcel-INFO-打开Excel成功
2019-07-04 19:23:00,963-baseExcel-INFO-打开sheet页--TestCase_bak成功
2019-07-04 19:23:39,589-baseExcel-INFO-打开Excel成功
2019-07-04 19:24:04,336-baseExcel-INFO-打开sheet页--TestCase_bak成功
2019-07-04 19:26:53,325-baseExcel-INFO-打开Excel成功
2019-07-04 19:26:53,326-baseExcel-INFO-打开sheet页--TestCase_bak成功
2019-07-04 19:26:53,326-baseExcel-INFO-获取TestCase_bak第1行值为[1, 1.0, '获取 Top250', '', '{"start":"1","count":"1"}', '/v2/movie/top250', 'get', 200, 200.0];
2019-07-04 19:27:52,205-baseExcel-INFO-打开Excel成功
2019-07-04 19:27:52,206-baseExcel-INFO-打开sheet页--TestCase_bak成功
2019-07-04 19:27:52,206-baseExcel-INFO-获取TestCase_bak第1行值为[1, '获取 Top250', '', '{"start":"1","count":"1"}', '/v2/movie/top250', 'get', 200];
2019-07-09 08:37:05,653-baseExcel-INFO-打开Excel成功
2019-07-09 08:37:05,665-baseExcel-INFO-打开sheet页--TestCase_bak成功
2019-07-09 08:37:05,666-baseExcel-INFO-获取TestCase_bak第1行值为[1, '获取 Top250', '', '{"start":"1","count":"1"}', '/v2/movie/top250', 'get', 200];
2019-07-09 08:38:23,054-baseExcel-INFO-打开Excel成功
2019-07-09 08:38:23,054-baseExcel-INFO-打开sheet页--TestCase_bak成功
2019-07-09 08:38:23,054-baseExcel-INFO-获取TestCase_bak第1行值为[1, '获取 Top250', '', '{"start":"1","count":"1"}', '/v2/movie/top250', 'get', 200];
2019-07-09 08:40:26,941-baseExcel-INFO-打开Excel成功
2019-07-09 08:40:26,941-baseExcel-INFO-打开sheet页--TestCase_bak成功
2019-07-09 08:40:26,941-baseExcel-INFO-获取TestCase_bak第1行值为[1, '获取 Top250', '', '{"start":"1","count":"1"}', '/v2/movie/top250', 'get', 200];
2019-07-09 08:41:41,544-baseExcel-INFO-打开Excel成功
2019-07-09 08:41:41,544-baseExcel-INFO-打开sheet页--TestCase_bak成功
2019-07-09 08:41:41,544-baseExcel-INFO-获取TestCase_bak第1行值为[1, '获取 Top250', '', '{"start":"1","count":"1"}', '/v2/movie/top250', 'get', 200];
2019-07-09 08:48:47,079-baseExcel-INFO-打开Excel成功
2019-07-09 08:48:47,080-baseExcel-INFO-打开sheet页--TestCase_bak成功
2019-07-09 08:48:47,080-baseExcel-INFO-获取TestCase_bak第1行值为[1, '获取 Top250', '', '{"start":"1","count":"1"}', '/v2/movie/top250', 'get', 200];
2019-07-09 09:06:17,760-baseExcel-INFO-打开Excel成功
2019-07-09 09:06:17,760-baseExcel-INFO-打开sheet页--TestCase_bak成功
2019-07-09 09:06:17,760-baseExcel-INFO-获取TestCase_bak第1行值为[1, '获取 Top250', '', '{"start":"1","count":"1"}', '/v2/movie/top250', 'get', 200];
2019-07-09 09:06:45,936-baseExcel-INFO-打开Excel成功
2019-07-09 09:06:45,937-baseExcel-INFO-打开sheet页--TestCase_bak成功
2019-07-09 09:06:45,937-baseExcel-INFO-获取TestCase_bak第1行值为[1, '获取 Top250', '', '{"start":"1","count":"1"}', '/v2/movie/top250', 'get', 200];
2019-07-09 09:08:17,152-baseExcel-INFO-打开Excel成功
2019-07-09 09:08:17,152-baseExcel-INFO-打开sheet页--TestCase_bak成功
2019-07-09 09:08:17,152-baseExcel-INFO-获取TestCase_bak第1行值为[1, '获取 Top250', '', '{"start":"1","count":"1"}', '/v2/movie/top250', 'get', 200];
2019-07-09 17:41:39,892-baseExcel-INFO-打开Excel成功
2019-07-09 17:42:35,222-baseExcel-INFO-打开Excel成功
2019-07-09 17:42:51,893-baseExcel-INFO-打开Excel成功
2019-07-09 17:44:19,575-baseExcel-INFO-打开Excel成功
2019-07-09 17:44:19,576-baseExcel-INFO-打开sheet页--TestCase成功
2019-07-09 17:44:19,602-baseExcel-INFO-获取TestCase第1行值为[1, '获取用户手机号', '', '{ "origin": "223.72.242.14, 223.72.242.14"}', '/get', 'get', 200, ''];
2019-07-09 17:45:53,427-baseExcel-INFO-打开Excel成功
2019-07-09 17:45:53,428-baseExcel-INFO-打开sheet页--TestCase成功
2019-07-09 17:45:53,428-baseExcel-INFO-获取TestCase第1行值为[1, '获取用户手机号', '', '{ "origin": "223.72.242.14, 223.72.242.14"}', '/get', 'get', 200, ''];
2019-07-09 17:49:17,141-baseExcel-INFO-打开Excel成功
2019-07-09 17:49:17,141-basecode-INFO-案例key值读取成功为：['测试编号', '测试用例', 'FrontSQL前置数据命令', '请求体', '接口路径', '请求方法', 'HttpCode', '结果校验']
2019-07-09 17:49:17,141-baseExcel-INFO-打开sheet页--TestCase成功
2019-07-09 17:49:17,142-baseExcel-INFO-获取TestCase第1行值为[1, '获取用户手机号', '', '{ "origin": "223.72.242.14, 223.72.242.14"}', '/get', 'get', 200, ''];
2019-07-09 17:50:59,946-baseExcel-INFO-打开Excel成功
2019-07-09 17:50:59,947-basecode-INFO-案例key值读取成功为：['测试编号', '测试用例', 'FrontSQL前置数据命令', '请求体', '接口路径', '请求方法', 'HttpCode', '结果校验']
2019-07-09 17:50:59,947-baseExcel-INFO-打开sheet页--TestCase成功
2019-07-09 17:50:59,948-baseExcel-INFO-获取TestCase第1行值为[1, '获取用户手机号', '', '{ "origin": "223.72.242.14, 223.72.242.14"}', '/get', 'get', 200, ''];
2019-07-09 17:50:59,956-basecode-INFO-1行案例读取成功，为：[{'测试编号': 1, '测试用例': '获取用户手机号', 'FrontSQL前置数据命令': '', '请求体': '{ "origin": "223.72.242.14, 223.72.242.14"}', '接口路径': '/get', '请求方法': 'get', 'HttpCode': 200, '结果校验': ''}]
2019-07-09 17:51:55,318-baseExcel-INFO-打开Excel成功
2019-07-09 17:51:55,318-basecode-INFO-案例key值读取成功为：['测试编号', '测试用例', 'FrontSQL前置数据命令', '请求体', '接口路径', '请求方法', 'HttpCode', '结果校验']
2019-07-09 17:51:55,318-baseExcel-INFO-打开sheet页--TestCase成功
2019-07-09 17:51:55,319-baseExcel-INFO-获取TestCase第1行值为[1, '获取用户手机号', '', '{ "origin": "223.72.242.14, 223.72.242.14"}', '/get', 'get', 200, ''];
2019-07-09 17:51:55,319-basecode-INFO-1行案例读取成功，为：[{'测试编号': 1, '测试用例': '获取用户手机号', 'FrontSQL前置数据命令': '', '请求体': '{ "origin": "223.72.242.14, 223.72.242.14"}', '接口路径': '/get', '请求方法': 'get', 'HttpCode': 200, '结果校验': ''}]
2019-07-09 17:52:04,872-baseExcel-INFO-打开Excel成功
2019-07-09 17:52:04,873-basecode-INFO-案例key值读取成功为：['测试编号', '测试用例', 'FrontSQL前置数据命令', '请求体', '接口路径', '请求方法', 'HttpCode', '结果校验']
2019-07-09 17:52:04,873-baseExcel-INFO-打开sheet页--TestCase成功
2019-07-09 17:52:04,873-baseExcel-INFO-获取TestCase第1行值为[1, '获取用户手机号', '', '{ "origin": "223.72.242.14, 223.72.242.14"}', '/get', 'get', 200, ''];
2019-07-09 17:52:04,873-basecode-INFO-1行案例读取成功，为：[{'测试编号': 1, '测试用例': '获取用户手机号', 'FrontSQL前置数据命令': '', '请求体': '{ "origin": "223.72.242.14, 223.72.242.14"}', '接口路径': '/get', '请求方法': 'get', 'HttpCode': 200, '结果校验': ''}]
2019-07-09 17:52:20,604-baseExcel-INFO-打开Excel成功
2019-07-09 17:52:20,604-basecode-INFO-案例key值读取成功为：['测试编号', '测试用例', 'FrontSQL前置数据命令', '请求体', '接口路径', '请求方法', 'HttpCode', '结果校验']
2019-07-09 17:52:20,605-baseExcel-INFO-打开sheet页--TestCase成功
2019-07-09 17:52:20,606-baseExcel-INFO-获取TestCase第1行值为[1, '获取用户手机号', '', '{ "origin": "223.72.242.14, 223.72.242.14"}', '/get', 'get', 200, ''];
2019-07-09 17:52:20,606-basecode-INFO-1行案例读取成功，为：[{'测试编号': 1, '测试用例': '获取用户手机号', 'FrontSQL前置数据命令': '', '请求体': '{ "origin": "223.72.242.14, 223.72.242.14"}', '接口路径': '/get', '请求方法': 'get', 'HttpCode': 200, '结果校验': ''}]
2019-07-10 13:58:19,159-baseExcel-INFO-打开Excel成功
2019-07-10 13:58:19,206-basecode-INFO-案例key值读取成功为：['测试编号', '测试用例', 'FrontSQL前置数据命令', '请求体', '接口路径', '请求方法', 'HttpCode', '结果校验']
2019-07-10 13:58:19,206-baseExcel-INFO-打开sheet页--TestCase成功
2019-07-10 13:58:19,207-baseExcel-INFO-获取TestCase第1行值为[1, '获取用户手机号', '', '{ "origin": "223.72.242.14, 223.72.242.14"}', '/get', 'get', 200, ''];
2019-07-10 13:58:36,680-baseExcel-INFO-打开Excel成功
2019-07-10 13:58:36,681-basecode-INFO-案例key值读取成功为：['测试编号', '测试用例', 'FrontSQL前置数据命令', '请求体', '接口路径', '请求方法', 'HttpCode', '结果校验']
2019-07-10 13:58:36,681-baseExcel-INFO-打开sheet页--TestCase成功
2019-07-10 13:58:36,681-baseExcel-INFO-获取TestCase第1行值为[1, '获取用户手机号', '', '{ "origin": "223.72.242.14, 223.72.242.14"}', '/get', 'get', 200, ''];
2019-07-10 13:58:36,686-basecode-INFO-1行案例读取成功，为：[{'测试编号': 1, '测试用例': '获取用户手机号', 'FrontSQL前置数据命令': '', '请求体': '{ "origin": "223.72.242.14, 223.72.242.14"}', '接口路径': '/get', '请求方法': 'get', 'HttpCode': 200, '结果校验': ''}]
2019-07-10 14:51:44,277-baseExcel-INFO-打开Excel成功
2019-07-10 14:51:44,278-basecode-INFO-案例key值读取成功为：['测试编号', '测试用例', 'FrontSQL前置数据命令', '请求体', '接口路径', '请求方法', 'HttpCode', '结果校验']
2019-07-10 14:53:54,674-baseExcel-INFO-打开Excel成功
2019-07-10 14:53:54,675-basecode-INFO-案例key值读取成功为：['测试编号', '测试用例', 'FrontSQL前置数据命令', '请求体', '接口路径', '请求方法', 'HttpCode', '结果校验']
2019-07-10 14:53:54,676-baseExcel-INFO-打开sheet页--TestCase成功
2019-07-10 14:53:54,676-baseExcel-INFO-获取TestCase第1行值为[1, '获取用户手机号', '', '{ "origin": "223.72.242.14, 223.72.242.14"}', '/get', 'get', 200, ''];
2019-07-10 14:53:54,676-basecode-INFO-第1行案例读取成功，为：[{'测试编号': 1, '测试用例': '获取用户手机号', 'FrontSQL前置数据命令': '', '请求体': '{ "origin": "223.72.242.14, 223.72.242.14"}', '接口路径': '/get', '请求方法': 'get', 'HttpCode': 200, '结果校验': ''}]
2019-07-10 14:54:16,996-baseExcel-INFO-打开Excel成功
2019-07-10 14:54:16,996-basecode-INFO-案例key值读取成功为：['测试编号', '测试用例', 'FrontSQL前置数据命令', '请求体', '接口路径', '请求方法', 'HttpCode', '结果校验']
2019-07-10 14:54:16,996-baseExcel-INFO-打开sheet页--TestCase成功
2019-07-10 14:54:16,996-baseExcel-INFO-获取TestCase第0行值为['测试编号', '测试用例', 'FrontSQL前置数据命令', '请求体', '接口路径', '请求方法', 'HttpCode', '结果校验'];
2019-07-10 14:54:16,996-basecode-INFO-第0行案例读取成功，为：[{'测试编号': '测试编号', '测试用例': '测试用例', 'FrontSQL前置数据命令': 'FrontSQL前置数据命令', '请求体': '请求体', '接口路径': '接口路径', '请求方法': '请求方法', 'HttpCode': 'HttpCode', '结果校验': '结果校验'}]
2019-07-10 14:54:29,376-baseExcel-INFO-打开Excel成功
2019-07-10 14:54:29,377-basecode-INFO-案例key值读取成功为：['测试编号', '测试用例', 'FrontSQL前置数据命令', '请求体', '接口路径', '请求方法', 'HttpCode', '结果校验']
2019-07-10 14:54:29,377-baseExcel-INFO-打开sheet页--TestCase成功
2019-07-10 14:57:27,215-baseExcel-INFO-打开Excel成功
2019-07-10 14:57:27,215-basecode-INFO-案例key值读取成功为：['测试编号', '测试用例', 'FrontSQL前置数据命令', '请求体', '接口路径', '请求方法', 'HttpCode', '结果校验']
2019-07-10 14:57:27,215-baseExcel-INFO-打开sheet页--TestCase成功
2019-07-10 14:58:22,291-baseExcel-INFO-打开Excel成功
2019-07-10 14:58:22,292-basecode-INFO-案例key值读取成功为：['测试编号', '测试用例', 'FrontSQL前置数据命令', '请求体', '接口路径', '请求方法', 'HttpCode', '结果校验']
2019-07-10 14:58:22,292-baseExcel-INFO-打开sheet页--TestCase成功
2019-07-10 14:58:22,292-basecode-ERROR-读取数据失败：list index out of range
2019-07-10 14:59:38,582-baseExcel-INFO-打开Excel成功
2019-07-10 14:59:38,583-basecode-INFO-案例key值读取成功为：['测试编号', '测试用例', 'FrontSQL前置数据命令', '请求体', '接口路径', '请求方法', 'HttpCode', '结果校验']
2019-07-10 15:00:10,709-baseExcel-INFO-打开Excel成功
2019-07-10 15:00:10,709-basecode-INFO-案例key值读取成功为：['测试编号', '测试用例', 'FrontSQL前置数据命令', '请求体', '接口路径', '请求方法', 'HttpCode', '结果校验']
2019-07-10 15:00:10,709-baseExcel-INFO-打开sheet页--TestCase成功
2019-07-10 15:00:10,710-baseExcel-INFO-获取TestCase总计3行;
2019-07-10 15:00:10,710-baseExcel-INFO-打开sheet页--TestCase成功
2019-07-10 15:00:10,710-baseExcel-INFO-获取TestCase第1行值为[1, '获取用户手机号', '', '{ "origin": "223.72.242.14, 223.72.242.14"}', '/get', 'get', 200, ''];
2019-07-10 15:00:10,710-basecode-INFO-TestCase页全部案例读取成功，为：[{'测试编号': 1, '测试用例': '获取用户手机号', 'FrontSQL前置数据命令': '', '请求体': '{ "origin": "223.72.242.14, 223.72.242.14"}', '接口路径': '/get', '请求方法': 'get', 'HttpCode': 200, '结果校验': ''}]
2019-07-10 15:00:10,710-baseExcel-INFO-打开sheet页--TestCase成功
2019-07-10 15:00:10,710-baseExcel-INFO-获取TestCase第2行值为[2, '用户登录', '', '{"name": "hanzhichao","age": 18}', '/post', 'post', 200, ''];
2019-07-10 15:00:10,711-basecode-INFO-TestCase页全部案例读取成功，为：[{'测试编号': 1, '测试用例': '获取用户手机号', 'FrontSQL前置数据命令': '', '请求体': '{ "origin": "223.72.242.14, 223.72.242.14"}', '接口路径': '/get', '请求方法': 'get', 'HttpCode': 200, '结果校验': ''}, {'测试编号': 2, '测试用例': '用户登录', 'FrontSQL前置数据命令': '', '请求体': '{"name": "hanzhichao","age": 18}', '接口路径': '/post', '请求方法': 'post', 'HttpCode': 200, '结果校验': ''}]
2019-07-10 15:02:06,342-baseExcel-INFO-打开Excel成功
2019-07-10 15:02:06,343-basecode-INFO-案例key值读取成功为：['测试编号', '测试用例', 'FrontSQL前置数据命令', '请求体', '接口路径', '请求方法', 'HttpCode', '结果校验']
2019-07-10 15:02:06,343-baseExcel-ERROR-打开sheet报错了： No sheet named <'Tes1tCase'>
2019-07-10 15:03:48,886-baseExcel-INFO-打开Excel成功
2019-07-10 15:03:48,886-basecode-INFO-案例key值读取成功为：['测试编号', '测试用例', 'FrontSQL前置数据命令', '请求体', '接口路径', '请求方法', 'HttpCode', '结果校验']
2019-07-10 15:03:48,887-baseExcel-ERROR-打开sheet报错了： No sheet named <'Tes1tCase'>
2019-07-10 15:03:48,888-basecode-ERROR-读取数据失败：local variable 'sheet' referenced before assignment
2019-07-10 15:10:31,256-baseExcel-INFO-打开Excel成功
2019-07-10 15:10:31,256-basecode-INFO-案例key值读取成功为：['测试编号', '测试用例', 'FrontSQL前置数据命令', '请求体', '接口路径', '请求方法', 'HttpCode', '结果校验']
2019-07-10 15:10:31,256-baseExcel-ERROR-打开sheet报错了： No sheet named <'Tes1tCase'>
2019-07-10 15:10:31,257-basecode-ERROR-读取数据失败：local variable 'sheet' referenced before assignment
2019-07-10 15:10:57,408-baseExcel-INFO-打开Excel成功
2019-07-10 15:10:57,409-basecode-INFO-案例key值读取成功为：['测试编号', '测试用例', 'FrontSQL前置数据命令', '请求体', '接口路径', '请求方法', 'HttpCode', '结果校验']
2019-07-10 15:10:57,409-baseExcel-ERROR-打开sheet报错了： No sheet named <'Tes1tCase'>
2019-07-10 15:10:57,409-basecode-ERROR-读取数据失败：local variable 'sheet' referenced before assignment
2019-07-10 15:11:52,156-baseExcel-INFO-打开Excel成功
2019-07-10 15:11:52,157-basecode-INFO-案例key值读取成功为：['测试编号', '测试用例', 'FrontSQL前置数据命令', '请求体', '接口路径', '请求方法', 'HttpCode', '结果校验']
2019-07-10 15:11:52,157-baseExcel-ERROR-打开sheet报错了： No sheet named <'Tes1tCase'>
2019-07-10 15:11:52,157-basecode-ERROR-读取数据失败：local variable 'sheet' referenced before assignment
2019-07-10 15:12:25,722-baseExcel-INFO-打开Excel成功
2019-07-10 15:12:25,722-basecode-INFO-案例key值读取成功为：['测试编号', '测试用例', 'FrontSQL前置数据命令', '请求体', '接口路径', '请求方法', 'HttpCode', '结果校验']
2019-07-10 15:14:29,692-baseExcel-INFO-打开Excel成功
2019-07-10 15:14:29,693-basecode-INFO-案例key值读取成功为：['测试编号', '测试用例', 'FrontSQL前置数据命令', '请求体', '接口路径', '请求方法', 'HttpCode', '结果校验']
2019-07-10 15:14:29,694-baseExcel-INFO-打开sheet页--TestCase成功
2019-07-10 15:14:29,694-baseExcel-INFO-获取TestCase总计3行;
2019-07-10 15:14:29,695-baseExcel-INFO-打开sheet页--TestCase成功
2019-07-10 15:14:29,695-baseExcel-INFO-获取TestCase第1行值为[1, '获取用户手机号', '', '{ "origin": "223.72.242.14, 223.72.242.14"}', '/get', 'get', 200, ''];
2019-07-10 15:14:29,696-basecode-INFO-TestCase页全部案例读取成功，为：[{'测试编号': 1, '测试用例': '获取用户手机号', 'FrontSQL前置数据命令': '', '请求体': '{ "origin": "223.72.242.14, 223.72.242.14"}', '接口路径': '/get', '请求方法': 'get', 'HttpCode': 200, '结果校验': ''}]
2019-07-10 15:14:29,696-baseExcel-INFO-打开sheet页--TestCase成功
2019-07-10 15:14:29,696-baseExcel-INFO-获取TestCase第2行值为[2, '用户登录', '', '{"name": "hanzhichao","age": 18}', '/post', 'post', 200, ''];
2019-07-10 15:14:29,697-basecode-INFO-TestCase页全部案例读取成功，为：[{'测试编号': 1, '测试用例': '获取用户手机号', 'FrontSQL前置数据命令': '', '请求体': '{ "origin": "223.72.242.14, 223.72.242.14"}', '接口路径': '/get', '请求方法': 'get', 'HttpCode': 200, '结果校验': ''}, {'测试编号': 2, '测试用例': '用户登录', 'FrontSQL前置数据命令': '', '请求体': '{"name": "hanzhichao","age": 18}', '接口路径': '/post', '请求方法': 'post', 'HttpCode': 200, '结果校验': ''}]
2019-07-10 15:45:15,261-baseExcel-INFO-打开Excel成功
2019-07-10 15:45:15,263-basecode-INFO-案例key值读取成功为：['测试编号', '测试用例', 'FrontSQL前置数据命令', '请求体', '接口路径', '请求方法', 'HttpCode', '结果校验']
2019-07-10 15:45:15,264-baseExcel-INFO-打开sheet页--TestCase成功
2019-07-10 15:45:15,264-baseExcel-INFO-获取TestCase总计3行;
2019-07-10 15:45:15,264-baseExcel-INFO-打开sheet页--TestCase成功
2019-07-10 15:45:15,264-baseExcel-INFO-获取TestCase第1行值为[1, '获取用户手机号', '', '{ "origin": "223.72.242.14, 223.72.242.14"}', '/get', 'get', 200, ''];
2019-07-10 15:45:15,273-basecode-INFO-TestCase页全部案例读取成功，为：[{'测试编号': 1, '测试用例': '获取用户手机号', 'FrontSQL前置数据命令': '', '请求体': '{ "origin": "223.72.242.14, 223.72.242.14"}', '接口路径': '/get', '请求方法': 'get', 'HttpCode': 200, '结果校验': ''}]
2019-07-10 15:45:15,274-baseExcel-INFO-打开sheet页--TestCase成功
2019-07-10 15:45:15,274-baseExcel-INFO-获取TestCase第2行值为[2, '用户登录', '', '{"name": "hanzhichao","age": 18}', '/post', 'post', 200, ''];
2019-07-10 15:45:15,275-basecode-INFO-TestCase页全部案例读取成功，为：[{'测试编号': 1, '测试用例': '获取用户手机号', 'FrontSQL前置数据命令': '', '请求体': '{ "origin": "223.72.242.14, 223.72.242.14"}', '接口路径': '/get', '请求方法': 'get', 'HttpCode': 200, '结果校验': ''}, {'测试编号': 2, '测试用例': '用户登录', 'FrontSQL前置数据命令': '', '请求体': '{"name": "hanzhichao","age": 18}', '接口路径': '/post', '请求方法': 'post', 'HttpCode': 200, '结果校验': ''}]
2019-07-10 15:46:14,585-baseExcel-INFO-打开Excel成功
2019-07-10 15:46:14,585-basecode-INFO-案例key值读取成功为：['测试编号', '测试用例', 'FrontSQL前置数据命令', '请求体', '接口路径', '请求方法', 'HttpCode', '结果校验']
2019-07-10 15:46:14,585-baseExcel-INFO-打开sheet页--TestCase成功
2019-07-10 15:46:14,586-baseExcel-INFO-获取TestCase总计3行;
2019-07-10 15:46:14,586-baseExcel-INFO-打开sheet页--TestCase成功
2019-07-10 15:46:14,586-baseExcel-INFO-获取TestCase第1行值为[1, '获取用户手机号', '', '{ "origin": "223.72.242.14, 223.72.242.14"}', '/get', 'get', 200, ''];
2019-07-10 15:46:14,586-basecode-INFO-TestCase页全部案例读取成功，为：[{'测试编号': 1, '测试用例': '获取用户手机号', 'FrontSQL前置数据命令': '', '请求体': '{ "origin": "223.72.242.14, 223.72.242.14"}', '接口路径': '/get', '请求方法': 'get', 'HttpCode': 200, '结果校验': ''}]
2019-07-10 15:46:14,586-baseExcel-INFO-打开sheet页--TestCase成功
2019-07-10 15:46:14,587-baseExcel-INFO-获取TestCase第2行值为[2, '用户登录', '', '{"name": "hanzhichao","age": 18}', '/post', 'post', 200, ''];
2019-07-10 15:46:14,587-basecode-INFO-TestCase页全部案例读取成功，为：[{'测试编号': 1, '测试用例': '获取用户手机号', 'FrontSQL前置数据命令': '', '请求体': '{ "origin": "223.72.242.14, 223.72.242.14"}', '接口路径': '/get', '请求方法': 'get', 'HttpCode': 200, '结果校验': ''}, {'测试编号': 2, '测试用例': '用户登录', 'FrontSQL前置数据命令': '', '请求体': '{"name": "hanzhichao","age": 18}', '接口路径': '/post', '请求方法': 'post', 'HttpCode': 200, '结果校验': ''}]
2019-07-10 15:52:06,872-baseExcel-INFO-打开Excel成功
2019-07-10 15:52:06,872-basecode-INFO-案例key值读取成功为：['测试编号', '测试用例', 'FrontSQL前置数据命令', '请求体', '接口路径', '请求方法', 'HttpCode', '结果校验']
2019-07-10 15:52:06,873-baseExcel-INFO-打开sheet页--TestCase成功
2019-07-10 15:52:06,873-baseExcel-INFO-获取TestCase总计3行;
2019-07-10 15:52:06,873-baseExcel-INFO-打开sheet页--TestCase成功
2019-07-10 15:52:06,873-baseExcel-INFO-获取TestCase第1行值为[1, '获取用户手机号', '', '{ "origin": "223.72.242.14, 223.72.242.14"}', '/get', 'get', 200, ''];
2019-07-10 15:52:06,873-basecode-INFO-TestCase页全部案例读取成功，为：[{'测试编号': 1, '测试用例': '获取用户手机号', 'FrontSQL前置数据命令': '', '请求体': '{ "origin": "223.72.242.14, 223.72.242.14"}', '接口路径': '/get', '请求方法': 'get', 'HttpCode': 200, '结果校验': ''}]
2019-07-10 15:52:06,873-baseExcel-INFO-打开sheet页--TestCase成功
2019-07-10 15:52:06,873-baseExcel-INFO-获取TestCase第2行值为[2, '用户登录', '', '{"name": "hanzhichao","age": 18}', '/post', 'post', 200, ''];
2019-07-10 15:52:06,873-basecode-INFO-TestCase页全部案例读取成功，为：[{'测试编号': 1, '测试用例': '获取用户手机号', 'FrontSQL前置数据命令': '', '请求体': '{ "origin": "223.72.242.14, 223.72.242.14"}', '接口路径': '/get', '请求方法': 'get', 'HttpCode': 200, '结果校验': ''}, {'测试编号': 2, '测试用例': '用户登录', 'FrontSQL前置数据命令': '', '请求体': '{"name": "hanzhichao","age": 18}', '接口路径': '/post', '请求方法': 'post', 'HttpCode': 200, '结果校验': ''}]
2019-07-10 15:52:06,874-baseExcel-INFO-打开sheet页--TestCase成功
2019-07-10 15:52:06,874-baseExcel-INFO-获取TestCase第2行值为[2, '用户登录', '', '{"name": "hanzhichao","age": 18}', '/post', 'post', 200, ''];
2019-07-10 15:52:06,874-basecode-INFO-第2行案例读取成功，为：[{'测试编号': 2, '测试用例': '用户登录', 'FrontSQL前置数据命令': '', '请求体': '{"name": "hanzhichao","age": 18}', '接口路径': '/post', '请求方法': 'post', 'HttpCode': 200, '结果校验': ''}]
